2026-04-02 17:04:32,601 - INFO - ==================================================
2026-04-02 17:04:32,601 - INFO - Попытка запуска 1/5
2026-04-02 17:04:32,601 - INFO - ==================================================
2026-04-02 17:04:32,601 - INFO - Проверка подключения к API Telegram...
2026-04-02 17:04:32,728 - INFO - Бот авторизован как @ZvonkoMusicbot (ID: 8711527504)
2026-04-02 17:04:32,768 - INFO - Запуск polling...
2026-04-02 17:05:51,173 - INFO - Spotify search: query='Face Юморист', limit=10
ERROR: [youtube] NuXdxMEbYeQ: Sign in to confirm your age. This video may be inappropriate for some users. Use --cookies-from-browser or --cookies for the authentication. See  https://github.com/yt-dlp/yt-dlp/wiki/FAQ#how-do-i-pass-cookies-to-yt-dlp  for how to manually pass cookies. Also see  https://github.com/yt-dlp/yt-dlp/wiki/Extractors#exporting-youtube-cookies  for tips on effectively exporting YouTube cookies
2026-04-02 17:05:56,194 - ERROR - YouTube clip check error: ERROR: [youtube] NuXdxMEbYeQ: Sign in to confirm your age. This video may be inappropriate for some users. Use --cookies-from-browser or --cookies for the authentication. See  https://github.com/yt-dlp/yt-dlp/wiki/FAQ#how-do-i-pass-cookies-to-yt-dlp  for how to manually pass cookies. Also see  https://github.com/yt-dlp/yt-dlp/wiki/Extractors#exporting-youtube-cookies  for tips on effectively exporting YouTube cookies
2026-04-02 17:05:58,549 - INFO - Trying audio download with query 1/4: FACE - ЮМОРИСТ - Original Motion Picture Soundtrack
ERROR: [youtube] NuXdxMEbYeQ: Sign in to confirm your age. This video may be inappropriate for some users. Use --cookies-from-browser or --cookies for the authentication. See  https://github.com/yt-dlp/yt-dlp/wiki/FAQ#how-do-i-pass-cookies-to-yt-dlp  for how to manually pass cookies. Also see  https://github.com/yt-dlp/yt-dlp/wiki/Extractors#exporting-youtube-cookies  for tips on effectively exporting YouTube cookies
2026-04-02 17:06:00,331 - WARNING - Query 1 failed: ERROR: [youtube] NuXdxMEbYeQ: Sign in to confirm your age. This video may be inappropriate for some users. Use --cookies-from-browser or --cookies for the authentication. See  https://github.com/yt-dlp/yt-dlp/wiki/FAQ#how-do-i-pass-cookies-to-yt-dlp  for how to manually pass cookies. Also see  https://github.com/yt-dlp/yt-dlp/wiki/Extractors#exporting-youtube-cookies  for tips on effectively exporting YouTube cookies
2026-04-02 17:06:00,332 - INFO - Trying audio download with query 2/4: ЮМОРИСТ - Original Motion Picture Soundtrack - FACE
ERROR: [youtube] NuXdxMEbYeQ: Sign in to confirm your age. This video may be inappropriate for some users. Use --cookies-from-browser or --cookies for the authentication. See  https://github.com/yt-dlp/yt-dlp/wiki/FAQ#how-do-i-pass-cookies-to-yt-dlp  for how to manually pass cookies. Also see  https://github.com/yt-dlp/yt-dlp/wiki/Extractors#exporting-youtube-cookies  for tips on effectively exporting YouTube cookies
2026-04-02 17:06:02,230 - WARNING - Query 2 failed: ERROR: [youtube] NuXdxMEbYeQ: Sign in to confirm your age. This video may be inappropriate for some users. Use --cookies-from-browser or --cookies for the authentication. See  https://github.com/yt-dlp/yt-dlp/wiki/FAQ#how-do-i-pass-cookies-to-yt-dlp  for how to manually pass cookies. Also see  https://github.com/yt-dlp/yt-dlp/wiki/Extractors#exporting-youtube-cookies  for tips on effectively exporting YouTube cookies
2026-04-02 17:06:02,231 - INFO - Trying audio download with query 3/4: ЮМОРИСТ - Original Motion Picture Soundtrack
ERROR: [youtube] NuXdxMEbYeQ: Sign in to confirm your age. This video may be inappropriate for some users. Use --cookies-from-browser or --cookies for the authentication. See  https://github.com/yt-dlp/yt-dlp/wiki/FAQ#how-do-i-pass-cookies-to-yt-dlp  for how to manually pass cookies. Also see  https://github.com/yt-dlp/yt-dlp/wiki/Extractors#exporting-youtube-cookies  for tips on effectively exporting YouTube cookies
2026-04-02 17:06:04,219 - WARNING - Query 3 failed: ERROR: [youtube] NuXdxMEbYeQ: Sign in to confirm your age. This video may be inappropriate for some users. Use --cookies-from-browser or --cookies for the authentication. See  https://github.com/yt-dlp/yt-dlp/wiki/FAQ#how-do-i-pass-cookies-to-yt-dlp  for how to manually pass cookies. Also see  https://github.com/yt-dlp/yt-dlp/wiki/Extractors#exporting-youtube-cookies  for tips on effectively exporting YouTube cookies
2026-04-02 17:06:04,220 - INFO - Trying audio download with query 4/4: FACE
[download]   0.0% of    2.37MiB at  180.64KiB/s ETA 00:13[download]   0.1% of    2.37MiB at  490.54KiB/s ETA 00:04[download]   0.3% of    2.37MiB at    1.05MiB/s ETA 00:02[download]   0.6% of    2.37MiB at    2.14MiB/s ETA 00:01[download]   1.3% of    2.37MiB at    1.55MiB/s ETA 00:01[download]   2.6% of    2.37MiB at    1.62MiB/s ETA 00:01[download]   5.2% of    2.37MiB at    1.78MiB/s ETA 00:01[download]  10.5% of    2.37MiB at    2.57MiB/s ETA 00:00[download]  21.1% of    2.37MiB at  937.22KiB/s ETA 00:02[download]  42.2% of    2.37MiB at  750.34KiB/s ETA 00:01[download]  68.0% of    2.37MiB at    1.07MiB/s ETA 00:00[download] 100.0% of    2.37MiB at    1.40MiB/s ETA 00:00[download] 100% of    2.37MiB in 00:00:01 at 1.34MiB/s                                                         